<?xml version="1.0" encoding="UTF-8"?>
<coverage generated="1677476500810" clover="3.2.0">
  <project timestamp="1677476500810" name="All files">
    <metrics statements="2" coveredstatements="2" conditionals="0" coveredconditionals="0" methods="2" coveredmethods="2" elements="4" coveredelements="4" complexity="0" loc="2" ncloc="2" packages="1" files="1" classes="1"/>
    <file name="reverseWords.ts" path="/home/jason/Desktop/Algo/answers/reverseWords/reverseWords.ts">
      <metrics statements="2" coveredstatements="2" conditionals="0" coveredconditionals="0" methods="2" coveredmethods="2"/>
      <line num="11" count="2" type="stmt"/>
      <line num="13" count="6" type="stmt"/>
    </file>
  </project>
</coverage>
