{"/home/jason/Desktop/Algo/answers/reverseWords/reverseWords.ts": {"path":"/home/jason/Desktop/Algo/answers/reverseWords/reverseWords.ts","statementMap":{"0":{"start":{"line":11,"column":2},"end":{"line":14,"column":15}},"1":{"start":{"line":13,"column":19},"end":{"line":13,"column":52}}},"fnMap":{"0":{"name":"reverseWords","decl":{"start":{"line":10,"column":16},"end":{"line":10,"column":28}},"loc":{"start":{"line":10,"column":50},"end":{"line":15,"column":1}},"line":10},"1":{"name":"(anonymous_1)","decl":{"start":{"line":13,"column":9},"end":{"line":13,"column":10}},"loc":{"start":{"line":13,"column":19},"end":{"line":13,"column":52}},"line":13}},"branchMap":{},"s":{"0":2,"1":6},"f":{"0":2,"1":6},"b":{},"_coverageSchema":"1a1c01bbd47fc00a2c39e90264f33305004495a9","hash":"627e4987806697e8bd78d32654720ec7085d3321"}
}
