{"/home/jason/Desktop/Algo/answers/numToString/numToString.ts": {"path":"/home/jason/Desktop/Algo/answers/numToString/numToString.ts","statementMap":{"0":{"start":{"line":14,"column":2},"end":{"line":14,"column":24}}},"fnMap":{"0":{"name":"numberToString","decl":{"start":{"line":13,"column":16},"end":{"line":13,"column":30}},"loc":{"start":{"line":13,"column":51},"end":{"line":15,"column":1}},"line":13}},"branchMap":{},"s":{"0":2},"f":{"0":2},"b":{},"_coverageSchema":"1a1c01bbd47fc00a2c39e90264f33305004495a9","hash":"b6af6f634367ab3d2806530adcea25b1de14e846"}
}
