TN:
SF:answers/DNAToRNA/index.ts
FN:1,DNAtoRNA
FNF:1
FNH:1
FNDA:2,DNAtoRNA
DA:2,2
LF:1
LH:1
BRF:0
BRH:0
end_of_record
TN:
SF:answers/charRecognition/charRecognition.ts
FN:14,correct
FNF:1
FNH:1
FNDA:2,correct
DA:15,2
LF:1
LH:1
BRF:0
BRH:0
end_of_record
TN:
SF:answers/divisor/divisor.ts
FN:15,divisors
FNF:1
FNH:1
FNDA:2,divisors
DA:16,2
DA:17,2
DA:18,17
DA:19,6
DA:22,2
LF:5
LH:5
BRDA:18,0,0,6
BRDA:18,0,1,11
BRF:2
BRH:2
end_of_record
TN:
SF:answers/sumMixedArray/index.ts
FN:6,sumMix
FN:7,(anonymous_1)
FNF:2
FNH:2
FNDA:2,sumMix
FNDA:11,(anonymous_1)
DA:7,11
LF:1
LH:1
BRF:0
BRH:0
end_of_record
TN:
SF:answers/totalAmountPoint/totalAmountPoints.ts
FN:23,points
FN:25,(anonymous_1)
FN:31,(anonymous_2)
FNF:3
FNH:3
FNDA:3,points
FNDA:30,(anonymous_1)
FNDA:30,(anonymous_2)
DA:24,3
DA:26,30
DA:27,30
DA:28,2
DA:29,1
DA:31,30
LF:6
LH:6
BRDA:27,0,0,28
BRDA:27,0,1,2
BRDA:28,1,0,1
BRDA:28,1,1,1
BRF:4
BRH:4
end_of_record
